{"/Users/keilingzhuang/Desktop/mybuilder-webpack/lib/webpack.base.js":{"path":"/Users/keilingzhuang/Desktop/mybuilder-webpack/lib/webpack.base.js","s":{"1":1,"2":1,"3":1,"4":1,"5":1,"6":1,"7":1,"8":1,"9":1,"10":1,"11":1,"12":1,"13":1,"14":3,"15":3,"16":3,"17":3,"18":0,"19":3,"20":1,"21":1,"22":1,"23":0,"24":0,"25":0},"b":{"1":[3,3],"2":[0,3],"3":[0,0],"4":[0,0,0]},"f":{"1":0},"fnMap":{"1":{"name":"(anonymous_1)","line":135,"loc":{"start":{"line":135,"column":39},"end":{"line":135,"column":51}}}},"statementMap":{"1":{"start":{"line":1,"column":0},"end":{"line":1,"column":29}},"2":{"start":{"line":2,"column":0},"end":{"line":2,"column":29}},"3":{"start":{"line":3,"column":0},"end":{"line":3,"column":63}},"4":{"start":{"line":4,"column":0},"end":{"line":4,"column":57}},"5":{"start":{"line":5,"column":0},"end":{"line":5,"column":78}},"6":{"start":{"line":6,"column":0},"end":{"line":6,"column":76}},"7":{"start":{"line":7,"column":0},"end":{"line":7,"column":64}},"8":{"start":{"line":9,"column":0},"end":{"line":9,"column":34}},"9":{"start":{"line":11,"column":0},"end":{"line":60,"column":2}},"10":{"start":{"line":12,"column":2},"end":{"line":12,"column":19}},"11":{"start":{"line":13,"column":2},"end":{"line":13,"column":32}},"12":{"start":{"line":14,"column":2},"end":{"line":14,"column":73}},"13":{"start":{"line":15,"column":2},"end":{"line":55,"column":5}},"14":{"start":{"line":16,"column":4},"end":{"line":16,"column":59}},"15":{"start":{"line":17,"column":4},"end":{"line":17,"column":39}},"16":{"start":{"line":19,"column":4},"end":{"line":19,"column":32}},"17":{"start":{"line":20,"column":4},"end":{"line":38,"column":5}},"18":{"start":{"line":21,"column":6},"end":{"line":37,"column":8}},"19":{"start":{"line":39,"column":4},"end":{"line":54,"column":6}},"20":{"start":{"line":56,"column":2},"end":{"line":59,"column":4}},"21":{"start":{"line":62,"column":0},"end":{"line":62,"column":55}},"22":{"start":{"line":64,"column":0},"end":{"line":146,"column":2}},"23":{"start":{"line":137,"column":6},"end":{"line":142,"column":9}},"24":{"start":{"line":138,"column":8},"end":{"line":141,"column":9}},"25":{"start":{"line":140,"column":10},"end":{"line":140,"column":26}}},"branchMap":{"1":{"line":17,"type":"binary-expr","locations":[{"start":{"line":17,"column":21},"end":{"line":17,"column":26}},{"start":{"line":17,"column":30},"end":{"line":17,"column":38}}]},"2":{"line":20,"type":"if","locations":[{"start":{"line":20,"column":4},"end":{"line":20,"column":4}},{"start":{"line":20,"column":4},"end":{"line":20,"column":4}}]},"3":{"line":138,"type":"if","locations":[{"start":{"line":138,"column":8},"end":{"line":138,"column":8}},{"start":{"line":138,"column":8},"end":{"line":138,"column":8}}]},"4":{"line":138,"type":"binary-expr","locations":[{"start":{"line":138,"column":12},"end":{"line":138,"column":36}},{"start":{"line":138,"column":40},"end":{"line":138,"column":71}},{"start":{"line":138,"column":75},"end":{"line":138,"column":112}}]}}}}